# JRE version: Java(TM) SE Runtime Environment (9.0+11) (build 9.0.4+11)
# Java VM: Java HotSpot(TM) 64-Bit Server VM (9.0.4+11, mixed mode, tiered, compressed oops, g1 gc, windows-amd64)
Heap:
 garbage-first heap   total 239616K, used 141795K [0x0000000700000000, 0x0000000700100750, 0x00000007c0000000)
  region size 1024K, 33 young (33792K), 1 survivors (1024K)
 Metaspace       used 93202K, capacity 96395K, committed 103256K, reserved 1138688K
  class space    used 12960K, capacity 13580K, committed 14976K, reserved 1048576K
GC Heap History (10 events):
Event: 4912.250 GC heap before
{Heap before GC invocations=963 (full 8):
 garbage-first heap   total 239616K, used 170338K [0x0000000700000000, 0x0000000700100750, 0x00000007c0000000)
  region size 1024K, 60 young (61440K), 1 survivors (1024K)
 Metaspace       used 93191K, capacity 96325K, committed 103256K, reserved 1138688K
  class space    used 12959K, capacity 13579K, committed 14976K, reserved 1048576K
}
Event: 4912.253 GC heap after
{Heap after GC invocations=964 (full 8):
 garbage-first heap   total 239616K, used 110137K [0x0000000700000000, 0x0000000700100750, 0x00000007c0000000)
  region size 1024K, 1 young (1024K), 1 survivors (1024K)
 Metaspace       used 93191K, capacity 96325K, committed 103256K, reserved 1138688K
  class space    used 12959K, capacity 13579K, committed 14976K, reserved 1048576K
}
Event: 4913.078 GC heap before
{Heap before GC invocations=964 (full 8):
 garbage-first heap   total 239616K, used 170553K [0x0000000700000000, 0x0000000700100750, 0x00000007c0000000)
  region size 1024K, 60 young (61440K), 1 survivors (1024K)
 Metaspace       used 93200K, capacity 96389K, committed 103256K, reserved 1138688K
  class space    used 12959K, capacity 13579K, committed 14976K, reserved 1048576K
}
Event: 4913.080 GC heap after
{Heap after GC invocations=965 (full 8):
 garbage-first heap   total 239616K, used 110060K [0x0000000700000000, 0x0000000700100750, 0x00000007c0000000)
  region size 1024K, 1 young (1024K), 1 survivors (1024K)
 Metaspace       used 93200K, capacity 96389K, committed 103256K, reserved 1138688K
  class space    used 12959K, capacity 13579K, committed 14976K, reserved 1048576K
}
Event: 4914.000 GC heap before
{Heap before GC invocations=966 (full 8):
 garbage-first heap   total 239616K, used 170476K [0x0000000700000000, 0x0000000700100750, 0x00000007c0000000)
  region size 1024K, 60 young (61440K), 1 survivors (1024K)
 Metaspace       used 93200K, capacity 96389K, committed 103256K, reserved 1138688K
  class space    used 12959K, capacity 13579K, committed 14976K, reserved 1048576K
}
Event: 4914.003 GC heap after
{Heap after GC invocations=967 (full 8):
 garbage-first heap   total 239616K, used 110064K [0x0000000700000000, 0x0000000700100750, 0x00000007c0000000)
  region size 1024K, 1 young (1024K), 1 survivors (1024K)
 Metaspace       used 93200K, capacity 96389K, committed 103256K, reserved 1138688K
  class space    used 12959K, capacity 13579K, committed 14976K, reserved 1048576K
}
Event: 4914.889 GC heap before
{Heap before GC invocations=967 (full 8):
 garbage-first heap   total 239616K, used 170480K [0x0000000700000000, 0x0000000700100750, 0x00000007c0000000)
  region size 1024K, 60 young (61440K), 1 survivors (1024K)
 Metaspace       used 93200K, capacity 96389K, committed 103256K, reserved 1138688K
  class space    used 12959K, capacity 13579K, committed 14976K, reserved 1048576K
}
Event: 4914.895 GC heap after
{Heap after GC invocations=968 (full 8):
 garbage-first heap   total 239616K, used 110109K [0x0000000700000000, 0x0000000700100750, 0x00000007c0000000)
  region size 1024K, 1 young (1024K), 1 survivors (1024K)
 Metaspace       used 93200K, capacity 96389K, committed 103256K, reserved 1138688K
  class space    used 12959K, capacity 13579K, committed 14976K, reserved 1048576K
}
Event: 4915.737 GC heap before
{Heap before GC invocations=969 (full 8):
 garbage-first heap   total 239616K, used 170525K [0x0000000700000000, 0x0000000700100750, 0x00000007c0000000)
  region size 1024K, 60 young (61440K), 1 survivors (1024K)
 Metaspace       used 93200K, capacity 96389K, committed 103256K, reserved 1138688K
  class space    used 12959K, capacity 13579K, committed 14976K, reserved 1048576K
}
Event: 4915.740 GC heap after
{Heap after GC invocations=970 (full 8):
 garbage-first heap   total 239616K, used 110051K [0x0000000700000000, 0x0000000700100750, 0x00000007c0000000)
  region size 1024K, 1 young (1024K), 1 survivors (1024K)
 Metaspace       used 93200K, capacity 96389K, committed 103256K, reserved 1138688K
  class space    used 12959K, capacity 13579K, committed 14976K, reserved 1048576K
}

